<?xml version="1.0" encoding="utf-8"?>
<job xmlns:xsi="http://www.w3.org/2001/XMLSchema-instance" xsi:noNamespaceSchemaLocation="https://www.sos-berlin.com/repository/scheduler/1.9/scheduler.xsd"
    timeout="1"
>
    <script language="shell">
        :;if false; then :
        @echo off
        goto WINDOWS
        fi

        sleep 120
        exit

        :WINDOWS
        ping -n 121 127.0.0.1 >nul
    </script>
</job>
