<?xml version="1.0" encoding="UTF-8"?>
<job xmlns:xsi="http://www.w3.org/2001/XMLSchema-instance"
     xsi:noNamespaceSchemaLocation="https://www.sos-berlin.com/repository/scheduler/1.9/scheduler.xsd"
     min_tasks="1"
     order="true"
>
    <script language="java:javascript">
        function spooler_process() {
            return true;
        }
    </script>
</job>
