<?xml version="1.0" encoding="UTF-8"?>
<job xmlns:xsi="http://www.w3.org/2001/XMLSchema-instance" xsi:noNamespaceSchemaLocation="https://www.sos-berlin.com/repository/scheduler/1.9/scheduler.xsd"
    order="true"
>
    <script language="java:javascript">
        function spooler_process() {
            spooler_log.info("/SEEN-NODE_PARAM=" + spooler_task.order.params.value("NODE_PARAM"))
            return true
        }
    </script>
</job>
