<?xml version="1.0" encoding="utf-8"?>
<job xmlns:xsi="http://www.w3.org/2001/XMLSchema-instance" xsi:noNamespaceSchemaLocation="http://www.sos-berlin.com/repository/scheduler/1.7/scheduler.xsd"
    process_class="remote"
>
    <script language="shell">
        echo REMOTE-START
        <!-- .xml, weil Test-Framework (TestEnvironmentFiles) nur .xml durchlÃ¤sst. -->
        <include live_file="test-include-1.xml"/>
        echo MIDDLE
        <include live_file="test-include-2.xml"/>
        <include live_file="test-include-3.xml"/>
        echo REMOTE-END
    </script>
</job>
