<?xml version="1.0" encoding="utf-8"?>
<job xmlns:xsi="http://www.w3.org/2001/XMLSchema-instance" xsi:noNamespaceSchemaLocation="https://www.sos-berlin.com/repository/scheduler/1.8/scheduler.xsd"
     tasks="100"
     process_class="test">
    <script language="shell">
        :;if false; then :
        goto WINDOWS
        fi

        sleep 1
        exit

        :WINDOWS
        ping -n 2 127.0.0.1
        exit
    </script>
</job>
