<?xml version="1.0" encoding="utf-8"?>
<job xmlns:xsi="http://www.w3.org/2001/XMLSchema-instance" xsi:noNamespaceSchemaLocation="https://www.sos-berlin.com/repository/scheduler/1.9/scheduler.xsd"
     process_class="/test"
>
    <script  language="shell">
        echo JOB STATE TEXT $SCHEDULER_PARAM_A
    </script>
</job>
