<?xml version="1.0" encoding="UTF-8"?>
<job xmlns:xsi="http://www.w3.org/2001/XMLSchema-instance"
     xsi:noNamespaceSchemaLocation="https://www.sos-berlin.com/repository/scheduler/1.7/scheduler.xsd"
     order="true">
    <script language="java:javascript">
        function spooler_process() {
            if (spooler_task.order.params.value("A") != "TEST-A") throw new Error("TEST-A expected")
            var value = spooler_task.order.params.value("TEST")
            spooler_log.info("TEST=" + value)
            if (value != "TEST-200") throw new Error("TEST-200 expected")
            return true
        }
    </script>
</job>
