<?xml version="1.0" encoding="UTF-8"?>
<job_chain xmlns:xsi="http://www.w3.org/2001/XMLSchema-instance"
           xsi:noNamespaceSchemaLocation="https://www.sos-berlin.com/repository/scheduler/1.7/scheduler.xsd">
    <job_chain_node state="100" job="test-a-100"/>
    <job_chain_node state="200" job="test-a-200"/>
    <job_chain_node.end state="END"/>
</job_chain>
