<?xml version="1.0" encoding="UTF-8"?>
<job xmlns:xsi="http://www.w3.org/2001/XMLSchema-instance"
     xsi:noNamespaceSchemaLocation="https://www.sos-berlin.com/repository/scheduler/1.7/scheduler.xsd"
     order="true"
>
    <script language="java:javascript"><![CDATA[
        function spooler_process() {
            var a = spooler_task.order.params.value("A")
            var testA = spooler_task.order.params.value("TEST-A")
            spooler_log.info("A=" + a)
            spooler_log.info("TEST-A=" + testA)
            return a == "A" && testA == "TEST-100"
        }
    ]]></script>
</job>
