<?xml version="1.0" encoding="UTF-8"?>
<job xmlns:xsi="http://www.w3.org/2001/XMLSchema-instance" xsi:noNamespaceSchemaLocation="https://www.sos-berlin.com/repository/scheduler/1.9/scheduler.xsd"
     process_class="/test"
     tasks="1000"
>

    <script language="shell">
        :;if false; then
        @echo off
        goto WINDOWS
        :;fi

        while [ ! -e "$SCHEDULER_PARAM_TERMINATE" ]; do sleep 1; done
        exit 0

        :WINDOWS
        if exist "%SCHEDULER_PARAM_TERMINATE%" exit 0
        ping -n 2 localhost >nul
        goto :WINDOWS
    </script>
</job>
