<?xml version="1.0" encoding="ISO-8859-1"?>
<job_chain xmlns:xsi="http://www.w3.org/2001/XMLSchema-instance" xsi:noNamespaceSchemaLocation="http://www.sos-berlin.com/repository/scheduler/1.7/scheduler.xsd">
    <job_chain_node state="100" job="/test-job"/>
    <job_chain_node.end state="END"/>
</job_chain>
