<?xml version="1.0" encoding="utf-8"?>
<job xmlns:xsi="http://www.w3.org/2001/XMLSchema-instance"
     xsi:noNamespaceSchemaLocation="http://www.sos-berlin.com/repository/scheduler/1.9/scheduler.xsd">
    <script language="shell">exit 0</script>
    <monitor.use monitor="/test-a"/>
    <monitor.use monitor="/test-b"/>
    <monitor.use monitor="/test-c"/>
</job>
