<?xml version="1.0" encoding="utf-8"?>
<job xmlns:xsi="http://www.w3.org/2001/XMLSchema-instance"
     xsi:noNamespaceSchemaLocation="http://www.sos-berlin.com/repository/scheduler/1.7/scheduler.xsd">
    <script language="shell">exit 0</script>
    <monitor name="C" ordering="3">
        <script java_class="com.sos.scheduler.engine.tests.jira.js1145.TestCMonitor"/>
    </monitor>
    <monitor name="A" ordering="1">
        <script java_class="com.sos.scheduler.engine.tests.jira.js1145.TestAMonitor"/>
    </monitor>
    <monitor name="B" ordering="2">
        <script java_class="com.sos.scheduler.engine.tests.jira.js1145.TestBMonitor"/>
    </monitor>
</job>
