<?xml version="1.0" encoding="utf-8"?>
<job xmlns:xsi="http://www.w3.org/2001/XMLSchema-instance"
     xsi:noNamespaceSchemaLocation="http://www.sos-berlin.com/repository/scheduler/1.9/scheduler.xsd"
     stop_on_error="false"
>
    <script language="shell">exit 0</script>
    <monitor.use monitor="/test-javascript"/>
</job>
