<?xml version="1.0" encoding="UTF-8"?>
<job xmlns:xsi="http://www.w3.org/2001/XMLSchema-instance" xsi:noNamespaceSchemaLocation="https://www.sos-berlin.com/repository/scheduler/1.9/scheduler.xsd"
    process_class="/agent"
>
    <script language="java:javascript"><![CDATA[
function spooler_process() {
    java.lang.Thread.sleep(5000)
    return false
}
    ]]></script>
</job>
