<?xml version="1.0" encoding="UTF-8"?>
<job xmlns:xsi="http://www.w3.org/2001/XMLSchema-instance" xsi:noNamespaceSchemaLocation="https://www.sos-berlin.com/repository/scheduler/1.9/scheduler.xsd"
    process_class="/agent"
>
    <script language="shell"><![CDATA[
:;if false; then :
goto WINDOWS
fi

sleep 5
exit

:WINDOWS
ping -n 6 127.0.0.1 >null
    ]]></script>
</job>
