<?xml version="1.0" encoding="utf-8"?>
<job xmlns:xsi="http://www.w3.org/2001/XMLSchema-instance" xsi:noNamespaceSchemaLocation="https://www.sos-berlin.com/repository/scheduler/1.7/scheduler.xsd">
    <script java_class="com.sos.scheduler.engine.tests.jira.js1188.TestApiJob"/>
</job>
