<?xml version="1.0" encoding="utf-8"?>
<process_class xmlns:xsi="http://www.w3.org/2001/XMLSchema-instance" xsi:noNamespaceSchemaLocation="http://www.sos-berlin.com/repository/scheduler/1.8/scheduler.xsd">
    <remote_schedulers>
        <remote_scheduler remote_scheduler="http://aaa"/>
        <remote_scheduler remote_scheduler="http://bbb"/>
    </remote_schedulers>
</process_class>
