<?xml version="1.0" encoding="UTF-8"?>
<job xmlns:xsi="http://www.w3.org/2001/XMLSchema-instance"
     xsi:noNamespaceSchemaLocation="https://github.com/sos-berlin/scheduler-engine-doc/raw/master/enginedoc-common/src/main/resources/com/sos/scheduler/enginedoc/common/scheduler.xsd">
    <script language="shell">
        touch test-100.touched
    </script>
</job>
