<?xml version="1.0" encoding="ISO-8859-1"?>
<process_class xmlns:xsi="http://www.w3.org/2001/XMLSchema-instance" xsi:noNamespaceSchemaLocation="http://www.sos-berlin.com/repository/scheduler/1.6-M3/scheduler.xsd"
    max_processes="1"
/>
