<?xml version="1.0" encoding="utf-8"?>
<job xmlns:xsi="http://www.w3.org/2001/XMLSchema-instance" xsi:noNamespaceSchemaLocation="http://www.sos-berlin.com/repository/scheduler/1.6-M3/scheduler.xsd"
    process_class="inaccessible-remote"
>
    <script language="shell">
        exit 0
    </script>
</job>
