<?xml version="1.0" encoding="utf-8"?>
<job xmlns:xsi="http://www.w3.org/2001/XMLSchema-instance" xsi:noNamespaceSchemaLocation="http://www.sos-berlin.com/repository/scheduler/1.7/scheduler.xsd"
     process_class="test">

    <script java_class="com.sos.scheduler.engine.tests.jira.js1163.TestJob"/>
</job>
