<?xml version="1.0" encoding="utf-8"?>
<job xmlns:xsi="http://www.w3.org/2001/XMLSchema-instance" xsi:noNamespaceSchemaLocation="https://www.sos-berlin.com/repository/scheduler/1.9/scheduler.xsd"
     process_class="test">

    <script language="shell">
        :;if false; then :
        @echo off
        goto WINDOWS
        fi

        for i in 1 2 3 4 5 6 7 8 9 10 11 12 13 14 15 16 17 18 19 20 21 22 23 24 25; do
            echo SLEEPING
            sleep 1
        done
        echo "FINISHED NORMALLY"
        exit 0

        :WINDOWS
        ping -n 2 127.0.0.1 >nul
        ping -n 2 127.0.0.1 >nul
        ping -n 2 127.0.0.1 >nul
        ping -n 2 127.0.0.1 >nul
        ping -n 2 127.0.0.1 >nul
        ping -n 2 127.0.0.1 >nul
        ping -n 2 127.0.0.1 >nul
        ping -n 2 127.0.0.1 >nul
        ping -n 2 127.0.0.1 >nul
        ping -n 2 127.0.0.1 >nul
        ping -n 2 127.0.0.1 >nul
        ping -n 2 127.0.0.1 >nul
        ping -n 2 127.0.0.1 >nul
        ping -n 2 127.0.0.1 >nul
        ping -n 2 127.0.0.1 >nul
        ping -n 2 127.0.0.1 >nul
        ping -n 2 127.0.0.1 >nul
        ping -n 2 127.0.0.1 >nul
        ping -n 2 127.0.0.1 >nul
        ping -n 2 127.0.0.1 >nul
        ping -n 2 127.0.0.1 >nul
        ping -n 2 127.0.0.1 >nul
        ping -n 2 127.0.0.1 >nul
        ping -n 2 127.0.0.1 >nul
        ping -n 2 127.0.0.1 >nul
        echo "FINISHED NORMALLY"
    </script>
    <monitor>
        <script java_class="com.sos.scheduler.engine.tests.jira.js1163.TestMonitor"/>
    </monitor>
</job>
