<?xml version="1.0" encoding="utf-8"?>
<job xmlns:xsi="http://www.w3.org/2001/XMLSchema-instance" xsi:noNamespaceSchemaLocation="https://www.sos-berlin.com/repository/scheduler/1.9/scheduler.xsd"
     process_class="test">

    <script language="shell"><![CDATA[
        trap "echo SIGTERM TRAPPED && date && sleep 2 && date && echo SIGTERM HANDLED && exit 7" TERM
        for i in 1 2 3 4 5 6 7 8 9 10 11 12 13 14 15; do
            echo SLEEPING
            sleep 1
        done
        trap - TERM
        echo "FINISHED NORMALLY"
    ]]></script>
</job>
