<?xml version="1.0" encoding="utf-8"?>
<job xmlns:xsi="http://www.w3.org/2001/XMLSchema-instance" xsi:noNamespaceSchemaLocation="http://www.sos-berlin.com/repository/scheduler/1.7/scheduler.xsd"
     process_class="test"
     stop_on_error="false">

    <script language="shell">
        :;if false; then :
        goto WINDOWS
        fi

        sleep 1
        sleep 1
        sleep 1
        sleep 1
        sleep 1
        sleep 1
        sleep 1
        sleep 1
        sleep 1
        sleep 1
        sleep 1
        sleep 1
        sleep 1
        sleep 1
        sleep 1
        echo "FINISHED NORMALLY"
        exit 0

        :WINDOWS
        ping -n 2 127.0.0.1
        ping -n 2 127.0.0.1
        ping -n 2 127.0.0.1
        ping -n 2 127.0.0.1
        ping -n 2 127.0.0.1
        ping -n 2 127.0.0.1
        ping -n 2 127.0.0.1
        ping -n 2 127.0.0.1
        ping -n 2 127.0.0.1
        ping -n 2 127.0.0.1
        ping -n 2 127.0.0.1
        ping -n 2 127.0.0.1
        ping -n 2 127.0.0.1
        ping -n 2 127.0.0.1
        ping -n 2 127.0.0.1
        echo "FINISHED NORMALLY"
    </script>
    <monitor>
        <script java_class="com.sos.scheduler.engine.tests.jira.js1163.TestMonitor"/>
    </monitor>
</job>
