<?xml version="1.0" encoding="utf-8"?>
<job xmlns:xsi="http://www.w3.org/2001/XMLSchema-instance" xsi:noNamespaceSchemaLocation="http://www.sos-berlin.com/repository/scheduler/1.7/scheduler.xsd"
     process_class="test"
     stop_on_error="false">

    <script language="shell">
        trap "" SIGTERM
        sleep 1
        sleep 1
        sleep 1
        sleep 1
        sleep 1
        sleep 1
        sleep 1
        sleep 1
        sleep 1
        sleep 1
        sleep 1
        sleep 1
        sleep 1
        sleep 1
        sleep 1
        echo "FINISHED NORMALLY"
    </script>
</job>
