<?xml version="1.0" encoding="utf-8"?>
<job xmlns:xsi="http://www.w3.org/2001/XMLSchema-instance" xsi:noNamespaceSchemaLocation="https://www.sos-berlin.com/repository/scheduler/1.9/scheduler.xsd"
     process_class="test">

    <script language="shell">
        trap "" SIGTERM
        for i in 1 2 3 4 5 6 7 8 9 10 11 12 13 14 15 16 17 18 19 20 21 22 23 24 25 26 27 28 29 30 31 32 33 34 35 36 37 38 39 40; do
            echo SLEEPING
            sleep 1
        done
        echo "FINISHED NORMALLY"
    </script>
    <monitor>
        <script java_class="com.sos.scheduler.engine.tests.jira.js1163.TestMonitor"/>
    </monitor>
</job>
