<?xml version="1.0" encoding="utf-8"?>
<job xmlns:xsi="http://www.w3.org/2001/XMLSchema-instance" xsi:noNamespaceSchemaLocation="http://www.sos-berlin.com/repository/scheduler/1.7/scheduler.xsd">
    <script language="shell">
        :;if false; then :
        @echo off
        goto WINDOWS
        fi

        echo "Shell SCHEDULER_ORDER_HISTORY_ID='$SCHEDULER_ORDER_HISTORY_ID'"
        exit

        :WINDOWS
        echo Shell SCHEDULER_ORDER_HISTORY_ID='%SCHEDULER_ORDER_HISTORY_ID%'
    </script>
</job>
