<?xml version="1.0" encoding="ISO-8859-1"?>
<job xmlns:xsi="http://www.w3.org/2001/XMLSchema-instance" xsi:noNamespaceSchemaLocation="http://www.sos-berlin.com/repository/scheduler/1.3.12/scheduler.xsd"
     process_class="test-remote"
>
    <script language="shell"><![CDATA[
        :;if false; then :
        @echo off
        :;fi
        echo /script STDOUT/
        echo /script STDERR/ 1>&2
    ]]></script>

    <monitor>
        <script language="java:javascript"><![CDATA[
function spooler_task_after() {
     spooler.variables.set_value("STDOUT", "stdout_text=" + spooler_task.stdout_text);
     java.lang.System.out.println("/spooler_task_after STDOUT/\n");
     spooler.variables.set_value("STDERR", "stderr_text=" + spooler_task.stderr_text);
     java.lang.System.out.println("/spooler_task_after STDERR/\n");
}
        ]]></script>
    </monitor>
</job>
