<?xml version="1.0" encoding="UTF-8" ?>
<testsuite failures="0" time="2.048" errors="0" skipped="0" tests="3" name="com.sos.scheduler.engine.plugins.jetty.rest.JobResourceTest">
  <properties>
    <property name="java.runtime.name" value="Java(TM) SE Runtime Environment"/>
    <property name="sun.boot.library.path" value="C:\Programme\Java\jdk1.6.0_26\jre\bin"/>
    <property name="java.vm.version" value="20.1-b02"/>
    <property name="java.vm.vendor" value="Sun Microsystems Inc."/>
    <property name="java.vendor.url" value="http://java.sun.com/"/>
    <property name="path.separator" value=";"/>
    <property name="java.vm.name" value="Java HotSpot(TM) Client VM"/>
    <property name="file.encoding.pkg" value="sun.io"/>
    <property name="idea.launcher.port" value="7533"/>
    <property name="user.country" value="DE"/>
    <property name="sun.java.launcher" value="SUN_STANDARD"/>
    <property name="sun.os.patch.level" value="Service Pack 1"/>
    <property name="java.vm.specification.name" value="Java Virtual Machine Specification"/>
    <property name="user.dir" value="C:\scheduler\scheduler.src.devel\engine\opensource\gpl.plugins"/>
    <property name="java.runtime.version" value="1.6.0_26-b03"/>
    <property name="java.awt.graphicsenv" value="sun.awt.Win32GraphicsEnvironment"/>
    <property name="java.endorsed.dirs" value="C:\Programme\Java\jdk1.6.0_26\jre\lib\endorsed"/>
    <property name="os.arch" value="x86"/>
    <property name="java.io.tmpdir" value="C:\Users\schaedi\AppData\Local\Temp\"/>
    <property name="line.separator" value="
"/>
    <property name="java.vm.specification.vendor" value="Sun Microsystems Inc."/>
    <property name="user.variant" value=""/>
    <property name="os.name" value="Windows 7"/>
    <property name="classworlds.conf" value="C:\Program Files\apache-maven-2.2.1\bin\m2.conf"/>
    <property name="sun.jnu.encoding" value="Cp1252"/>
    <property name="java.library.path" value="C:\Programme\Java\jdk1.6.0_26\bin;C:\Windows\Sun\Java\bin;C:\Windows\system32;C:\Windows;C:\Program Files\JetBrains\IntelliJ IDEA Community Edition 11.0.2\bin\..\.\bin;C:\Windows\system32;C:\Windows;C:\Windows\System32\Wbem;C:\Programme\Java\jdk1.6.0_26\bin;C:\Programme\Java\jdk1.6.0_26\jre\bin\client;C:\Programme\apache-ant-1.8.1\bin;C:\Windows\System32\WindowsPowerShell\v1.0\;C:\Program Files\Intel\DMIX;c:\Program Files\WIDCOMM\Bluetooth Software\;C:\Program Files\NTRU Cryptosystems\NTRU TCG Software Stack\bin\;C:\Program Files\Wave Systems Corp\Gemalto\Access Client\v5\;C:\Program Files\Common Files\Roxio Shared\DLLShared\;C:\Program Files\Common Files\Roxio Shared\10.0\DLLShared\;C:\Program Files\Ultraedit32;C:\Program Files\doxygen\bin;C:\Program Files\TortoiseSVN\bin;c:\Program Files\Microsoft SQL Server\100\Tools\Binn\;c:\Program Files\Microsoft SQL Server\100\DTS\Binn\;C:\Program Files\libxml2-2.7.6.win32\bin;C:\Program Files\libxslt-1.1.26.win32\bin;C:\Programme\libxml2-2.7.6.win32\bin;C:\Programme\libxslt-1.1.26.win32\bin;C:\Programme\gzip-1.3.12\bin;C:\cygwin\bin;C:\strawberry\c\bin;C:\strawberry\perl\bin;C:\Program Files\Subversion\bin;C:\Program Files\terp\bin;C:\Program Files\Microsoft Visual Studio 9.0\VC\bin;C:\Program Files\Microsoft Visual Studio 9.0\Common7\IDE;C:\Program Files\Microsoft SDKs\Windows\v6.0A\bin;C:\Program Files\Microsoft Visual Studio 9.0\VC\redist\x86\Microsoft.VC90.CRT;C:\Program Files\Microsoft Visual Studio 9.0\VC\lib;C:\Program Files\Microsoft SDKs\Windows\v6.0A\Lib;C:\MinGW\bin;c:\mingw\bin;C:\Program Files\apache-maven-2.2.1\bin;c:\program files\jetbrains\intellij idea community edition 11.0.2\jre\jre\bin;."/>
    <property name="java.specification.name" value="Java Platform API Specification"/>
    <property name="java.class.version" value="50.0"/>
    <property name="sun.management.compiler" value="HotSpot Client Compiler"/>
    <property name="os.version" value="6.1"/>
    <property name="user.home" value="C:\Users\schaedi"/>
    <property name="user.timezone" value="Europe/Berlin"/>
    <property name="java.awt.printerjob" value="sun.awt.windows.WPrinterJob"/>
    <property name="java.specification.version" value="1.6"/>
    <property name="file.encoding" value="UTF-8"/>
    <property name="idea.launcher.bin.path" value="C:\Program Files\JetBrains\IntelliJ IDEA Community Edition 11.0.2\bin"/>
    <property name="user.name" value="schaedi"/>
    <property name="java.class.path" value="C:\Program Files\apache-maven-2.2.1\boot\classworlds-1.1.jar;C:\Program Files\JetBrains\IntelliJ IDEA Community Edition 11.0.2\lib\idea_rt.jar"/>
    <property name="java.vm.specification.version" value="1.0"/>
    <property name="sun.arch.data.model" value="32"/>
    <property name="java.home" value="C:\Programme\Java\jdk1.6.0_26\jre"/>
    <property name="sun.java.command" value="com.intellij.rt.execution.application.AppMain org.codehaus.classworlds.Launcher --no-plugin-registry --fail-fast --no-plugin-updates --strict-checksums --update-snapshots -f C:\scheduler\scheduler.src.devel\engine\opensource\gpl.plugins\pom.xml install"/>
    <property name="java.specification.vendor" value="Sun Microsystems Inc."/>
    <property name="user.language" value="de"/>
    <property name="awt.toolkit" value="sun.awt.windows.WToolkit"/>
    <property name="java.vm.info" value="mixed mode, sharing"/>
    <property name="java.version" value="1.6.0_26"/>
    <property name="java.ext.dirs" value="C:\Programme\Java\jdk1.6.0_26\jre\lib\ext;C:\Windows\Sun\Java\lib\ext"/>
    <property name="sun.boot.class.path" value="C:\Programme\Java\jdk1.6.0_26\jre\lib\resources.jar;C:\Programme\Java\jdk1.6.0_26\jre\lib\rt.jar;C:\Programme\Java\jdk1.6.0_26\jre\lib\sunrsasign.jar;C:\Programme\Java\jdk1.6.0_26\jre\lib\jsse.jar;C:\Programme\Java\jdk1.6.0_26\jre\lib\jce.jar;C:\Programme\Java\jdk1.6.0_26\jre\lib\charsets.jar;C:\Programme\Java\jdk1.6.0_26\jre\lib\modules\jdk.boot.jar;C:\Programme\Java\jdk1.6.0_26\jre\classes"/>
    <property name="java.vendor" value="Sun Microsystems Inc."/>
    <property name="maven.home" value="C:\Program Files\apache-maven-2.2.1"/>
    <property name="file.separator" value="\"/>
    <property name="java.vendor.url.bug" value="http://java.sun.com/cgi-bin/bugreport.cgi"/>
    <property name="sun.cpu.endian" value="little"/>
    <property name="sun.io.unicode.encoding" value="UnicodeLittle"/>
    <property name="sun.desktop" value="windows"/>
    <property name="sun.cpu.isalist" value="pentium_pro+mmx pentium_pro pentium+mmx pentium i486 i386 i86"/>
  </properties>
  <testcase time="0.072" classname="com.sos.scheduler.engine.plugins.jetty.rest.JobResourceTest" name="Read a job configuration"/>
  <testcase time="0.004" classname="com.sos.scheduler.engine.plugins.jetty.rest.JobResourceTest" name="Read a job description"/>
  <testcase time="0.003" classname="com.sos.scheduler.engine.plugins.jetty.rest.JobResourceTest" name="Read a job snapshot log"/>
</testsuite>