<?xml version="1.0" encoding="UTF-8"?>
<job_chain xmlns:xsi="http://www.w3.org/2001/XMLSchema-instance"
           xsi:noNamespaceSchemaLocation="https://www.sos-berlin.com/repository/scheduler/1.9/scheduler.xsd">
    <job_chain_node.job_chain state="SUPER-A" job_chain="test-nested-a"/>
    <job_chain_node.job_chain state="SUPER-B" job_chain="test-nested-b"/>
    <job_chain_node.job_chain state="SUPER-C" job_chain="test-nested-c"/>
    <job_chain_node.end state="END"/>
</job_chain>
