<?xml version="1.0" encoding="UTF-8"?>
<job xmlns:xsi="http://www.w3.org/2001/XMLSchema-instance" xsi:noNamespaceSchemaLocation="http://www.sos-berlin.com/repository/scheduler/1.7/scheduler.xsd"
     stop_on_error="false"
     process_class="test-agent"
>
    <script language="shell"><![CDATA[
        :;if false; then :
        @echo off
        goto WINDOWS
        fi
        echo ">shell_script< CALLED"
        exit $SCHEDULER_PARAM_EXIT

        :WINDOWS
        echo ">shell_script< CALLED"
        exit %SCHEDULER_PARAM_EXIT%
    ]]></script>
    <monitor>
        <script java_class="com.sos.scheduler.engine.tests.scheduler.job.jobmethods.TestMonitor"/>
    </monitor>
</job>
