<?xml version="1.0" encoding="utf-8"?>
<job xmlns:xsi="http://www.w3.org/2001/XMLSchema-instance" xsi:noNamespaceSchemaLocation="http://www.sos-berlin.com/repository/scheduler/1.7/scheduler.xsd">
    <script language="shell">
        :;if false; then :
        goto WINDOWS
        fi

        set -e
        sleep 5
        rm -v "$SCHEDULER_PARAM_SCHEDULER_FILE_PATH"
        exit

        :WINDOWS
        del "%SCHEDULER_PARAM_SCHEDULER_FILE_PATH%"
        ping -n 6 127.0.0.1
        exit
    </script>
</job>
