<?xml version="1.0" encoding="ISO-8859-1"?>
<job xmlns:xsi="http://www.w3.org/2001/XMLSchema-instance" xsi:noNamespaceSchemaLocation="http://www.sos-berlin.com/repository/scheduler/1.3.12/scheduler.xsd">
    <description><include live_file="test-description.txt"/></description>
    <script language="shell">
        <include live_file="test-script.txt"/>
    </script>
</job>
