<?xml version="1.0" encoding="UTF-8"?>
<job xmlns:xsi="http://www.w3.org/2001/XMLSchema-instance"
     xsi:noNamespaceSchemaLocation="https://www.sos-berlin.com/repository/scheduler/1.9/scheduler.xsd"
     order="true"
     tasks="99"
     idle_timeout="never">
    <script java_class="com.sos.scheduler.engine.tests.jira.js1464.TestJob"/>
</job>
