<?xml version="1.0" encoding="UTF-8"?>
<job xmlns:xsi="http://www.w3.org/2001/XMLSchema-instance" xsi:noNamespaceSchemaLocation="http://www.sos-berlin.com/repository/scheduler/1.3.12/scheduler.xsd"
        order="yes"
>
    <script java_class="com.sos.scheduler.engine.test.EmptyOrderJob"/>
</job>
