<?xml version="1.0" encoding="utf-8"?>
<job xmlns:xsi="http://www.w3.org/2001/XMLSchema-instance" xsi:noNamespaceSchemaLocation="http://www.sos-berlin.com/repository/scheduler/1.7/scheduler.xsd"
    process_class="test-1"
>
    <!-- Job starts only when process class /test1 has a process available, despite it is overriden by the job chain. -->
    <script language="shell">
        echo SHELL TEST_2_AGENT=/$TEST_AGENT/
        echo SHELL TEST_2_AGENT=/%TEST_AGENT%/
        exit 0
    </script>
</job>
