<?xml version="1.0" encoding="ISO-8859-1"?>
<job xmlns:xsi="http://www.w3.org/2001/XMLSchema-instance"
     xsi:noNamespaceSchemaLocation="https://www.sos-berlin.com/repository/scheduler/1.9/scheduler.xsd"
     process_class="/test-agent"
     tasks="10000"
>
    <script language="shell"><![CDATA[
:;if false; then :
@echo off
goto WINDOWS
fi

touch $SCHEDULER_PARAM_SIGNALFILE
sleep 600
exit 1

:WINDOWS
echo >%SCHEDULER_PARAM_SIGNALFILE%
ping -n 601 127.0.0.1 >nul
exit 1
    ]]></script>
    <monitor>
        <script language="java:javascript">//</script>
    </monitor>
</job>
