<?xml version="1.0" encoding="ISO-8859-1"?>
<job xmlns:xsi="http://www.w3.org/2001/XMLSchema-instance" xsi:noNamespaceSchemaLocation="https://www.sos-berlin.com/repository/scheduler/1.7/scheduler.xsd">
    <description>TEST-DESCRIPTION mit Ümläüten</description>
    <script java_class="com.sos.scheduler.engine.plugins.jetty.test.TestJob"/>
</job>
