<?xml version="1.0" encoding="UTF-8"?>
<job xmlns:xsi="http://www.w3.org/2001/XMLSchema-instance"
     xsi:noNamespaceSchemaLocation="https://www.sos-berlin.com/repository/scheduler/1.9/scheduler.xsd"
        process_class="test-agent">
    <script language="shell">
        :;if false; then :
        goto WINDOWS
        fi
        sleep 60
        exit

        :WINDOWS
        ping -n 61 127.0.0.1 >nul
    </script>
</job>
