<?xml version="1.0" encoding="ISO-8859-1"?>
<job xmlns:xsi="http://www.w3.org/2001/XMLSchema-instance" xsi:noNamespaceSchemaLocation="http://www.sos-berlin.com/repository/scheduler/1.3.12/scheduler.xsd"
    order="true"
>
    <script java_class="com.sos.scheduler.engine.tests.jira.js806.TestJob"/>
    <delay_order_after_setback setback_count="1" delay="1"/>
    <delay_order_after_setback setback_count="15" is_maximum="true"/>
</job>
